[2025-02-18T05:20:15.460Z] INFO: 
文件头信息:
[2025-02-18T05:20:15.469Z] INFO:   firstMark: 0x%s be
[2025-02-18T05:20:15.469Z] INFO:   unknownInfo:  0
[2025-02-18T05:20:15.470Z] INFO:   infoListLength:  11240
[2025-02-18T05:20:15.470Z] INFO:   dataLength:  4896637
[2025-02-18T05:20:15.470Z] INFO:   lastMark: 0x%s ed
[2025-02-18T05:21:04.443Z] INFO: 
文件头信息:
[2025-02-18T05:21:04.453Z] INFO:   firstMark: 0x%s be
[2025-02-18T05:21:04.454Z] INFO:   unknownInfo:  0
[2025-02-18T05:21:04.454Z] INFO:   infoListLength:  11240
[2025-02-18T05:21:04.455Z] INFO:   dataLength:  4896637
[2025-02-18T05:21:04.455Z] INFO:   lastMark: 0x%s ed
[2025-02-18T05:21:06.783Z] INFO: 
文件头信息:
[2025-02-18T05:21:06.785Z] INFO:   firstMark: 0x%s be
[2025-02-18T05:21:06.786Z] INFO:   unknownInfo:  0
[2025-02-18T05:21:06.786Z] INFO:   infoListLength:  11240
[2025-02-18T05:21:06.786Z] INFO:   dataLength:  4896637
[2025-02-18T05:21:06.786Z] INFO:   lastMark: 0x%s ed
[2025-02-18T05:21:18.570Z] INFO: 
文件头信息:
[2025-02-18T05:21:18.573Z] INFO:   firstMark: 0x%s be
[2025-02-18T05:21:18.574Z] INFO:   unknownInfo:  0
[2025-02-18T05:21:18.575Z] INFO:   infoListLength:  11240
[2025-02-18T05:21:18.575Z] INFO:   dataLength:  4896637
[2025-02-18T05:21:18.575Z] INFO:   lastMark: 0x%s ed
[2025-02-18T05:21:20.857Z] INFO: 
文件头信息:
[2025-02-18T05:21:20.859Z] INFO:   firstMark: 0x%s be
[2025-02-18T05:21:20.860Z] INFO:   unknownInfo:  0
[2025-02-18T05:21:20.860Z] INFO:   infoListLength:  11240
[2025-02-18T05:21:20.860Z] INFO:   dataLength:  4896637
[2025-02-18T05:21:20.860Z] INFO:   lastMark: 0x%s ed
[2025-02-18T05:22:07.033Z] INFO: 
文件头信息:
[2025-02-18T05:22:07.035Z] INFO:   firstMark: 0x%s be
[2025-02-18T05:22:07.035Z] INFO:   unknownInfo:  0
[2025-02-18T05:22:07.036Z] INFO:   infoListLength:  11240
[2025-02-18T05:22:07.036Z] INFO:   dataLength:  4896637
[2025-02-18T05:22:07.036Z] INFO:   lastMark: 0x%s ed
[2025-02-18T05:22:09.201Z] INFO: 
文件头信息:
[2025-02-18T05:22:09.204Z] INFO:   firstMark: 0x%s be
[2025-02-18T05:22:09.204Z] INFO:   unknownInfo:  0
[2025-02-18T05:22:09.204Z] INFO:   infoListLength:  11240
[2025-02-18T05:22:09.204Z] INFO:   dataLength:  4896637
[2025-02-18T05:22:09.205Z] INFO:   lastMark: 0x%s ed
[2025-02-18T05:24:54.877Z] INFO: 
文件头信息:
[2025-02-18T05:24:54.881Z] INFO:   firstMark: 0x%s be
[2025-02-18T05:24:54.881Z] INFO:   unknownInfo:  0
[2025-02-18T05:24:54.881Z] INFO:   infoListLength:  11240
[2025-02-18T05:24:54.881Z] INFO:   dataLength:  4896637
[2025-02-18T05:24:54.881Z] INFO:   lastMark: 0x%s ed
[2025-02-18T05:24:57.607Z] INFO: 
文件头信息:
[2025-02-18T05:24:57.609Z] INFO:   firstMark: 0x%s be
[2025-02-18T05:24:57.609Z] INFO:   unknownInfo:  0
[2025-02-18T05:24:57.610Z] INFO:   infoListLength:  11240
[2025-02-18T05:24:57.610Z] INFO:   dataLength:  4896637
[2025-02-18T05:24:57.610Z] INFO:   lastMark: 0x%s ed
[2025-02-18T05:26:06.641Z] INFO: 
文件头信息:
[2025-02-18T05:26:06.656Z] INFO:   firstMark: 0x%s be
[2025-02-18T05:26:06.657Z] INFO:   unknownInfo:  0
[2025-02-18T05:26:06.657Z] INFO:   infoListLength:  11240
[2025-02-18T05:26:06.657Z] INFO:   dataLength:  4896637
[2025-02-18T05:26:06.657Z] INFO:   lastMark: 0x%s ed
[2025-02-18T05:26:09.371Z] INFO: 
文件头信息:
[2025-02-18T05:26:09.375Z] INFO:   firstMark: 0x%s be
[2025-02-18T05:26:09.375Z] INFO:   unknownInfo:  0
[2025-02-18T05:26:09.375Z] INFO:   infoListLength:  11240
[2025-02-18T05:26:09.376Z] INFO:   dataLength:  4896637
[2025-02-18T05:26:09.376Z] INFO:   lastMark: 0x%s ed
