[2025-02-18T05:26:06.661Z] INFO: 开始保存文件...
[2025-02-18T05:26:06.665Z] INFO: 进度: 1/185 - 已保存: /app-config.json
[2025-02-18T05:26:06.666Z] INFO: 进度: 2/185 - 已保存: /__plugin__/wx94a6522b1d640c3b/_assets/arrow-right-white.873d5d63.svg
[2025-02-18T05:26:06.666Z] INFO: 进度: 3/185 - 已保存: /__plugin__/wx94a6522b1d640c3b/_assets/arrow-right.db4835a7.svg
[2025-02-18T05:26:06.666Z] INFO: 进度: 4/185 - 已保存: /__plugin__/wx94a6522b1d640c3b/_assets/arrow.fda419fe.svg
[2025-02-18T05:26:06.667Z] INFO: 进度: 5/185 - 已保存: /__plugin__/wx94a6522b1d640c3b/_assets/channels-live.89f498a7.svg
[2025-02-18T05:26:06.667Z] INFO: 进度: 6/185 - 已保存: /__plugin__/wx94a6522b1d640c3b/_assets/close.2aa1c5ce.svg
[2025-02-18T05:26:06.669Z] INFO: 进度: 7/185 - 已保存: /__plugin__/wx94a6522b1d640c3b/_assets/collected.cbc3deb3.svg
[2025-02-18T05:26:06.669Z] INFO: 进度: 8/185 - 已保存: /__plugin__/wx94a6522b1d640c3b/_assets/customer.a370bcbf.svg
[2025-02-18T05:26:06.669Z] INFO: 进度: 9/185 - 已保存: /__plugin__/wx94a6522b1d640c3b/_assets/follow.2d5ee263.svg
[2025-02-18T05:26:06.670Z] INFO: 进度: 10/185 - 已保存: /__plugin__/wx94a6522b1d640c3b/_assets/gift_on.0787172e.png
[2025-02-18T05:26:06.670Z] INFO: 进度: 11/185 - 已保存: /__plugin__/wx94a6522b1d640c3b/_assets/loading.6f998a85.svg
[2025-02-18T05:26:06.671Z] INFO: 进度: 12/185 - 已保存: /__plugin__/wx94a6522b1d640c3b/_assets/loading.8a405a72.png
[2025-02-18T05:26:06.672Z] INFO: 进度: 13/185 - 已保存: /__plugin__/wx94a6522b1d640c3b/_assets/lock.2cc4a644.svg
[2025-02-18T05:26:06.672Z] INFO: 进度: 14/185 - 已保存: /__plugin__/wx94a6522b1d640c3b/_assets/people-avatar-placeholder.63ea0352.svg
[2025-02-18T05:26:06.673Z] INFO: 进度: 15/185 - 已保存: /__plugin__/wx94a6522b1d640c3b/_assets/play_filled.56d61239.svg
[2025-02-18T05:26:06.673Z] INFO: 进度: 16/185 - 已保存: /__plugin__/wx94a6522b1d640c3b/_assets/playbackRate.f8d5da42.svg
[2025-02-18T05:26:06.673Z] INFO: 进度: 17/185 - 已保存: /__plugin__/wx94a6522b1d640c3b/_assets/refresh.4aff8a64.svg
[2025-02-18T05:26:06.674Z] INFO: 进度: 18/185 - 已保存: /__plugin__/wx94a6522b1d640c3b/_assets/retry.0068d87c.svg
[2025-02-18T05:26:06.674Z] INFO: 进度: 19/185 - 已保存: /__plugin__/wx94a6522b1d640c3b/_assets/star_filled.6e6c7dfe.svg
[2025-02-18T05:26:06.675Z] INFO: 进度: 20/185 - 已保存: /__plugin__/wx94a6522b1d640c3b/_assets/star_medium.62007c27.svg
[2025-02-18T05:26:06.675Z] INFO: 进度: 21/185 - 已保存: /__plugin__/wx94a6522b1d640c3b/_assets/弹幕.4f427a5e.svg
[2025-02-18T05:26:06.695Z] INFO: 进度: 22/185 - 已保存: /__plugin__/wx94a6522b1d640c3b/libpag.wasm.br
[2025-02-18T05:26:06.696Z] INFO: 进度: 23/185 - 已保存: /__plugin__/wx94a6522b1d640c3b/plugin.json
[2025-02-18T05:26:06.711Z] INFO: 进度: 24/185 - 已保存: /__plugin__/wx94a6522b1d640c3b/components/actionsheet/actionsheet.html
[2025-02-18T05:26:06.714Z] INFO: 进度: 25/185 - 已保存: /__plugin__/wx94a6522b1d640c3b/components/actor-dialog-inner/actor-dialog-inner.html
[2025-02-18T05:26:06.717Z] INFO: 进度: 26/185 - 已保存: /__plugin__/wx94a6522b1d640c3b/components/actor-dialog/actor-dialog.html
[2025-02-18T05:26:06.719Z] INFO: 进度: 27/185 - 已保存: /__plugin__/wx94a6522b1d640c3b/components/ad-dialog/ad-dialog.html
[2025-02-18T05:26:06.722Z] INFO: 进度: 28/185 - 已保存: /__plugin__/wx94a6522b1d640c3b/components/barrage/content/content.html
[2025-02-18T05:26:06.725Z] INFO: 进度: 29/185 - 已保存: /__plugin__/wx94a6522b1d640c3b/components/barrage/list/list.html
[2025-02-18T05:26:06.727Z] INFO: 进度: 30/185 - 已保存: /__plugin__/wx94a6522b1d640c3b/components/barrage/roll/roll.html
[2025-02-18T05:26:06.729Z] INFO: 进度: 31/185 - 已保存: /__plugin__/wx94a6522b1d640c3b/components/barrage/setting/setting.html
[2025-02-18T05:26:06.732Z] INFO: 进度: 32/185 - 已保存: /__plugin__/wx94a6522b1d640c3b/components/drama-feed-list/list/list.html
[2025-02-18T05:26:06.734Z] INFO: 进度: 33/185 - 已保存: /__plugin__/wx94a6522b1d640c3b/components/drama-feed-list/person-operation/person-operation.html
[2025-02-18T05:26:06.735Z] INFO: 进度: 34/185 - 已保存: /__plugin__/wx94a6522b1d640c3b/components/drama-feed-list/player/player.html
[2025-02-18T05:26:06.737Z] INFO: 进度: 35/185 - 已保存: /__plugin__/wx94a6522b1d640c3b/components/drama-feed-list/progress-timeline/progress-timeline.html
[2025-02-18T05:26:06.740Z] INFO: 进度: 36/185 - 已保存: /__plugin__/wx94a6522b1d640c3b/components/drama-feed-list/sliderBar/sliderBar.html
[2025-02-18T05:26:06.742Z] INFO: 进度: 37/185 - 已保存: /__plugin__/wx94a6522b1d640c3b/components/emoji/index.html
[2025-02-18T05:26:06.744Z] INFO: 进度: 38/185 - 已保存: /__plugin__/wx94a6522b1d640c3b/components/fav-list/fav-list.html
[2025-02-18T05:26:06.746Z] INFO: 进度: 39/185 - 已保存: /__plugin__/wx94a6522b1d640c3b/components/group-purchase-capsule/group-purchase-capsule.html
[2025-02-18T05:26:06.748Z] INFO: 进度: 40/185 - 已保存: /__plugin__/wx94a6522b1d640c3b/components/group-purchase-dialog/group-purchase-dialog.html
[2025-02-18T05:26:06.749Z] INFO: 进度: 41/185 - 已保存: /__plugin__/wx94a6522b1d640c3b/components/group-purchase-entry/group-purchase-entry.html
[2025-02-18T05:26:06.751Z] INFO: 进度: 42/185 - 已保存: /__plugin__/wx94a6522b1d640c3b/components/half-screen-dialog/half-screen-dialog.html
[2025-02-18T05:26:06.753Z] INFO: 进度: 43/185 - 已保存: /__plugin__/wx94a6522b1d640c3b/components/like-animate/like-animate.html
[2025-02-18T05:26:06.760Z] INFO: 进度: 44/185 - 已保存: /__plugin__/wx94a6522b1d640c3b/components/person-operation/person-operation.html
[2025-02-18T05:26:06.762Z] INFO: 进度: 45/185 - 已保存: /__plugin__/wx94a6522b1d640c3b/components/player-cover/player-cover.html
[2025-02-18T05:26:06.763Z] INFO: 进度: 46/185 - 已保存: /__plugin__/wx94a6522b1d640c3b/components/player/player.html
[2025-02-18T05:26:06.765Z] INFO: 进度: 47/185 - 已保存: /__plugin__/wx94a6522b1d640c3b/components/recent-list/recent-list.html
[2025-02-18T05:26:06.766Z] INFO: 进度: 48/185 - 已保存: /__plugin__/wx94a6522b1d640c3b/components/select-drama-dialog/select-drama-dialog.html
[2025-02-18T05:26:06.768Z] INFO: 进度: 49/185 - 已保存: /__plugin__/wx94a6522b1d640c3b/components/share/share.html
[2025-02-18T05:26:06.769Z] INFO: 进度: 50/185 - 已保存: /__plugin__/wx94a6522b1d640c3b/components/sliderBar/sliderBar.html
[2025-02-18T05:26:06.770Z] INFO: 进度: 51/185 - 已保存: /__plugin__/wx94a6522b1d640c3b/components/slideview/slideview.html
[2025-02-18T05:26:06.772Z] INFO: 进度: 52/185 - 已保存: /__plugin__/wx94a6522b1d640c3b/components/switch/switch.html
[2025-02-18T05:26:06.776Z] INFO: 进度: 53/185 - 已保存: /__plugin__/wx94a6522b1d640c3b/components/toast/toast.html
[2025-02-18T05:26:06.777Z] INFO: 进度: 54/185 - 已保存: /__plugin__/wx94a6522b1d640c3b/components/top/top.html
[2025-02-18T05:26:06.779Z] INFO: 进度: 55/185 - 已保存: /__plugin__/wx94a6522b1d640c3b/components/write-barrage/write-barrage.html
[2025-02-18T05:26:06.781Z] INFO: 进度: 56/185 - 已保存: /__plugin__/wx94a6522b1d640c3b/pages/playlet/playlet.html
[2025-02-18T05:26:06.782Z] INFO: 进度: 57/185 - 已保存: /__plugin__/wx94a6522b1d640c3b/pages/skit-detail/skit-detail.html
[2025-02-18T05:26:06.783Z] INFO: 进度: 58/185 - 已保存: /static/batter.png
[2025-02-18T05:26:06.783Z] INFO: 进度: 59/185 - 已保存: /static/batter_dis.png
[2025-02-18T05:26:06.783Z] INFO: 进度: 60/185 - 已保存: /static/dyIMbg.png
[2025-02-18T05:26:06.784Z] INFO: 进度: 61/185 - 已保存: /static/dyim_add.png
[2025-02-18T05:26:06.785Z] INFO: 进度: 62/185 - 已保存: /static/dyim_lxjc.png
[2025-02-18T05:26:06.785Z] INFO: 进度: 63/185 - 已保存: /static/giveBean.png
[2025-02-18T05:26:06.786Z] INFO: 进度: 64/185 - 已保存: /static/gzh.png
[2025-02-18T05:26:06.786Z] INFO: 进度: 65/185 - 已保存: /static/huiyuan.png
[2025-02-18T05:26:06.786Z] INFO: 进度: 66/185 - 已保存: /static/huiyuan_d.png
[2025-02-18T05:26:06.787Z] INFO: 进度: 67/185 - 已保存: /static/icon-fire.png
[2025-02-18T05:26:06.787Z] INFO: 进度: 68/185 - 已保存: /static/jindou.png
[2025-02-18T05:26:06.788Z] INFO: 进度: 69/185 - 已保存: /static/left.png
[2025-02-18T05:26:06.789Z] INFO: 进度: 70/185 - 已保存: /static/liaotian-2.png
[2025-02-18T05:26:06.789Z] INFO: 进度: 71/185 - 已保存: /static/liaotian.png
[2025-02-18T05:26:06.790Z] INFO: 进度: 72/185 - 已保存: /static/lock.png
[2025-02-18T05:26:06.791Z] INFO: 进度: 73/185 - 已保存: /static/my/closeIcon.png
[2025-02-18T05:26:06.792Z] INFO: 进度: 74/185 - 已保存: /static/my/icon-close.png
[2025-02-18T05:26:06.792Z] INFO: 进度: 75/185 - 已保存: /static/my/openAreaLeft-bg.png
[2025-02-18T05:26:06.793Z] INFO: 进度: 76/185 - 已保存: /static/my/openAreaLeft-btn.png
[2025-02-18T05:26:06.794Z] INFO: 进度: 77/185 - 已保存: /static/normal.png
[2025-02-18T05:26:06.794Z] INFO: 进度: 78/185 - 已保存: /static/normal_red.png
[2025-02-18T05:26:06.794Z] INFO: 进度: 79/185 - 已保存: /static/playkkk.png
[2025-02-18T05:26:06.795Z] INFO: 进度: 80/185 - 已保存: /static/sign/beans-1-finished.png
[2025-02-18T05:26:06.795Z] INFO: 进度: 81/185 - 已保存: /static/sign/beans-1.png
[2025-02-18T05:26:06.796Z] INFO: 进度: 82/185 - 已保存: /static/sign/beans-2-finished.png
[2025-02-18T05:26:06.796Z] INFO: 进度: 83/185 - 已保存: /static/sign/beans-2.png
[2025-02-18T05:26:06.797Z] INFO: 进度: 84/185 - 已保存: /static/sign/sign-btn-bg.png
[2025-02-18T05:26:06.797Z] INFO: 进度: 85/185 - 已保存: /static/tabbar/index.png
[2025-02-18T05:26:06.798Z] INFO: 进度: 86/185 - 已保存: /static/tabbar/index_active.png
[2025-02-18T05:26:06.798Z] INFO: 进度: 87/185 - 已保存: /static/tabbar/my.png
[2025-02-18T05:26:06.799Z] INFO: 进度: 88/185 - 已保存: /static/tabbar/my_active.png
[2025-02-18T05:26:06.799Z] INFO: 进度: 89/185 - 已保存: /static/tabbar/tj.png
[2025-02-18T05:26:06.799Z] INFO: 进度: 90/185 - 已保存: /static/tabbar/tj_active.png
[2025-02-18T05:26:06.799Z] INFO: 进度: 91/185 - 已保存: /static/tabbar/watching.png
[2025-02-18T05:26:06.800Z] INFO: 进度: 92/185 - 已保存: /static/tabbar/watching_active.png
[2025-02-18T05:26:06.800Z] INFO: 进度: 93/185 - 已保存: /static/tehui.png
[2025-02-18T05:26:06.800Z] INFO: 进度: 94/185 - 已保存: /static/tehuis.png
[2025-02-18T05:26:06.800Z] INFO: 进度: 95/185 - 已保存: /static/user.png
[2025-02-18T05:26:06.801Z] INFO: 进度: 96/185 - 已保存: /static/vip.png
[2025-02-18T05:26:06.801Z] INFO: 进度: 97/185 - 已保存: /static/wx.png
[2025-02-18T05:26:06.801Z] INFO: 进度: 98/185 - 已保存: /static/xin-2.png
[2025-02-18T05:26:06.802Z] INFO: 进度: 99/185 - 已保存: /static/xin.png
[2025-02-18T05:26:06.802Z] INFO: 进度: 100/185 - 已保存: /static/xj.png
[2025-02-18T05:26:06.802Z] INFO: 进度: 101/185 - 已保存: /components/commonComponents/aui-poster/aui-poster.json
[2025-02-18T05:26:06.803Z] INFO: 进度: 102/185 - 已保存: /components/commonComponents/fenxiao-sign/sigin-in.json
[2025-02-18T05:26:06.804Z] INFO: 进度: 103/185 - 已保存: /components/commonComponents/navbar/navbar.json
[2025-02-18T05:26:06.804Z] INFO: 进度: 104/185 - 已保存: /components/commonComponents/newslist/newslist.json
[2025-02-18T05:26:06.805Z] INFO: 进度: 105/185 - 已保存: /components/commonComponents/openAreaLeft/index.json
[2025-02-18T05:26:06.805Z] INFO: 进度: 106/185 - 已保存: /components/commonComponents/rechargelist/recharge.json
[2025-02-18T05:26:06.808Z] INFO: 进度: 107/185 - 已保存: /components/commonComponents/rechargelist/rechargebywx.json
[2025-02-18T05:26:06.808Z] INFO: 进度: 108/185 - 已保存: /components/commonComponents/rechargelist/rechargelist.json
[2025-02-18T05:26:06.809Z] INFO: 进度: 109/185 - 已保存: /components/commonComponents/tips/tips.json
[2025-02-18T05:26:06.810Z] INFO: 进度: 110/185 - 已保存: /components/commonComponents/videolist/videolist.json
[2025-02-18T05:26:06.810Z] INFO: 进度: 111/185 - 已保存: /components/commonComponents/wxlogin/advise-tv.json
[2025-02-18T05:26:06.811Z] INFO: 进度: 112/185 - 已保存: /components/commonComponents/yk-screenRecord/yk-screenRecord.json
[2025-02-18T05:26:06.811Z] INFO: 进度: 113/185 - 已保存: /project.private.config.json
[2025-02-18T05:26:06.813Z] INFO: 进度: 114/185 - 已保存: /uni_modules/uview-ui/components/u-alert/u-alert.json
[2025-02-18T05:26:06.814Z] INFO: 进度: 115/185 - 已保存: /uni_modules/uview-ui/components/u-badge/u-badge.json
[2025-02-18T05:26:06.814Z] INFO: 进度: 116/185 - 已保存: /uni_modules/uview-ui/components/u-button/u-button.json
[2025-02-18T05:26:06.815Z] INFO: 进度: 117/185 - 已保存: /uni_modules/uview-ui/components/u-empty/u-empty.json
[2025-02-18T05:26:06.816Z] INFO: 进度: 118/185 - 已保存: /uni_modules/uview-ui/components/u-gap/u-gap.json
[2025-02-18T05:26:06.816Z] INFO: 进度: 119/185 - 已保存: /uni_modules/uview-ui/components/u-icon/u-icon.json
[2025-02-18T05:26:06.817Z] INFO: 进度: 120/185 - 已保存: /uni_modules/uview-ui/components/u-line/u-line.json
[2025-02-18T05:26:06.817Z] INFO: 进度: 121/185 - 已保存: /uni_modules/uview-ui/components/u-loading-icon/u-loading-icon.json
[2025-02-18T05:26:06.817Z] INFO: 进度: 122/185 - 已保存: /uni_modules/uview-ui/components/u-loadmore/u-loadmore.json
[2025-02-18T05:26:06.818Z] INFO: 进度: 123/185 - 已保存: /uni_modules/uview-ui/components/u-overlay/u-overlay.json
[2025-02-18T05:26:06.819Z] INFO: 进度: 124/185 - 已保存: /uni_modules/uview-ui/components/u-popup/u-popup.json
[2025-02-18T05:26:06.820Z] INFO: 进度: 125/185 - 已保存: /uni_modules/uview-ui/components/u-safe-bottom/u-safe-bottom.json
[2025-02-18T05:26:06.820Z] INFO: 进度: 126/185 - 已保存: /uni_modules/uview-ui/components/u-search/u-search.json
[2025-02-18T05:26:06.821Z] INFO: 进度: 127/185 - 已保存: /uni_modules/uview-ui/components/u-status-bar/u-status-bar.json
[2025-02-18T05:26:06.821Z] INFO: 进度: 128/185 - 已保存: /uni_modules/uview-ui/components/u-sticky/u-sticky.json
[2025-02-18T05:26:06.822Z] INFO: 进度: 129/185 - 已保存: /uni_modules/uview-ui/components/u-swiper-indicator/u-swiper-indicator.json
[2025-02-18T05:26:06.822Z] INFO: 进度: 130/185 - 已保存: /uni_modules/uview-ui/components/u-swiper/u-swiper.json
[2025-02-18T05:26:06.823Z] INFO: 进度: 131/185 - 已保存: /uni_modules/uview-ui/components/u-tabs/u-tabs.json
[2025-02-18T05:26:06.824Z] INFO: 进度: 132/185 - 已保存: /uni_modules/uview-ui/components/u-transition/u-transition.json
[2025-02-18T05:26:06.824Z] INFO: 进度: 133/185 - 已保存: /uni_modules/vk-uni-pay/components/vk-uni-pay/vk-uni-pay.json
[2025-02-18T05:26:06.825Z] INFO: 进度: 134/185 - 已保存: /wxcomponents/charge-dialog/charge-dialog.json
[2025-02-18T05:26:06.826Z] INFO: 进度: 135/185 - 已保存: /wxcomponents/open-area-left-side/open-area-left-side.json
[2025-02-18T05:26:06.827Z] INFO: 进度: 136/185 - 已保存: /wxcomponents/open-area-left/open-area-left.json
[2025-02-18T05:26:06.827Z] INFO: 进度: 137/185 - 已保存: /wxcomponents/open-area-right/open-area-right.json
[2025-02-18T05:26:06.828Z] INFO: 进度: 138/185 - 已保存: /wxcomponents/video/index.json
[2025-02-18T05:26:08.157Z] INFO: 进度: 139/185 - 已保存: /app-service.js
[2025-02-18T05:26:08.161Z] INFO: 进度: 140/185 - 已保存: /components/commonComponents/aui-poster/aui-poster.html
[2025-02-18T05:26:08.163Z] INFO: 进度: 141/185 - 已保存: /components/commonComponents/fenxiao-sign/sigin-in.html
[2025-02-18T05:26:08.165Z] INFO: 进度: 142/185 - 已保存: /components/commonComponents/navbar/navbar.html
[2025-02-18T05:26:08.166Z] INFO: 进度: 143/185 - 已保存: /components/commonComponents/newslist/newslist.html
[2025-02-18T05:26:08.167Z] INFO: 进度: 144/185 - 已保存: /components/commonComponents/openAreaLeft/index.html
[2025-02-18T05:26:08.168Z] INFO: 进度: 145/185 - 已保存: /components/commonComponents/rechargelist/recharge.html
[2025-02-18T05:26:08.169Z] INFO: 进度: 146/185 - 已保存: /components/commonComponents/rechargelist/rechargebywx.html
[2025-02-18T05:26:08.171Z] INFO: 进度: 147/185 - 已保存: /components/commonComponents/rechargelist/rechargelist.html
[2025-02-18T05:26:08.174Z] INFO: 进度: 148/185 - 已保存: /components/commonComponents/tips/tips.html
[2025-02-18T05:26:08.176Z] INFO: 进度: 149/185 - 已保存: /components/commonComponents/videolist/videolist.html
[2025-02-18T05:26:08.177Z] INFO: 进度: 150/185 - 已保存: /components/commonComponents/wxlogin/advise-tv.html
[2025-02-18T05:26:08.178Z] INFO: 进度: 151/185 - 已保存: /components/commonComponents/yk-screenRecord/yk-screenRecord.html
[2025-02-18T05:26:08.180Z] INFO: 进度: 152/185 - 已保存: /pages/Tabbar/my/my.html
[2025-02-18T05:26:08.181Z] INFO: 进度: 153/185 - 已保存: /pages/Tabbar/tj/tj.html
[2025-02-18T05:26:08.183Z] INFO: 进度: 154/185 - 已保存: /pages/Tabbar/watching/watching.html
[2025-02-18T05:26:08.184Z] INFO: 进度: 155/185 - 已保存: /pages/index/gzgzh.html
[2025-02-18T05:26:08.185Z] INFO: 进度: 156/185 - 已保存: /pages/index/index.html
[2025-02-18T05:26:08.186Z] INFO: 进度: 157/185 - 已保存: /pages/index/search.html
[2025-02-18T05:26:08.200Z] INFO: 进度: 158/185 - 已保存: /pages/player/player.html
[2025-02-18T05:26:08.201Z] INFO: 进度: 159/185 - 已保存: /uni_modules/uview-ui/components/u-alert/u-alert.html
[2025-02-18T05:26:08.202Z] INFO: 进度: 160/185 - 已保存: /uni_modules/uview-ui/components/u-badge/u-badge.html
[2025-02-18T05:26:08.203Z] INFO: 进度: 161/185 - 已保存: /uni_modules/uview-ui/components/u-button/u-button.html
[2025-02-18T05:26:08.204Z] INFO: 进度: 162/185 - 已保存: /uni_modules/uview-ui/components/u-empty/u-empty.html
[2025-02-18T05:26:08.205Z] INFO: 进度: 163/185 - 已保存: /uni_modules/uview-ui/components/u-gap/u-gap.html
[2025-02-18T05:26:08.206Z] INFO: 进度: 164/185 - 已保存: /uni_modules/uview-ui/components/u-icon/u-icon.html
[2025-02-18T05:26:08.208Z] INFO: 进度: 165/185 - 已保存: /uni_modules/uview-ui/components/u-line/u-line.html
[2025-02-18T05:26:08.209Z] INFO: 进度: 166/185 - 已保存: /uni_modules/uview-ui/components/u-loading-icon/u-loading-icon.html
[2025-02-18T05:26:08.211Z] INFO: 进度: 167/185 - 已保存: /uni_modules/uview-ui/components/u-loadmore/u-loadmore.html
[2025-02-18T05:26:08.213Z] INFO: 进度: 168/185 - 已保存: /uni_modules/uview-ui/components/u-overlay/u-overlay.html
[2025-02-18T05:26:08.214Z] INFO: 进度: 169/185 - 已保存: /uni_modules/uview-ui/components/u-popup/u-popup.html
[2025-02-18T05:26:08.215Z] INFO: 进度: 170/185 - 已保存: /uni_modules/uview-ui/components/u-safe-bottom/u-safe-bottom.html
[2025-02-18T05:26:08.216Z] INFO: 进度: 171/185 - 已保存: /uni_modules/uview-ui/components/u-search/u-search.html
[2025-02-18T05:26:08.217Z] INFO: 进度: 172/185 - 已保存: /uni_modules/uview-ui/components/u-status-bar/u-status-bar.html
[2025-02-18T05:26:08.218Z] INFO: 进度: 173/185 - 已保存: /uni_modules/uview-ui/components/u-sticky/u-sticky.html
[2025-02-18T05:26:08.219Z] INFO: 进度: 174/185 - 已保存: /uni_modules/uview-ui/components/u-swiper-indicator/u-swiper-indicator.html
[2025-02-18T05:26:08.220Z] INFO: 进度: 175/185 - 已保存: /uni_modules/uview-ui/components/u-swiper/u-swiper.html
[2025-02-18T05:26:08.221Z] INFO: 进度: 176/185 - 已保存: /uni_modules/uview-ui/components/u-tabs/u-tabs.html
[2025-02-18T05:26:08.223Z] INFO: 进度: 177/185 - 已保存: /uni_modules/uview-ui/components/u-transition/u-transition.html
[2025-02-18T05:26:08.225Z] INFO: 进度: 178/185 - 已保存: /uni_modules/vk-uni-pay/components/vk-uni-pay/vk-uni-pay.html
[2025-02-18T05:26:08.226Z] INFO: 进度: 179/185 - 已保存: /wxcomponents/charge-dialog/charge-dialog.html
[2025-02-18T05:26:08.228Z] INFO: 进度: 180/185 - 已保存: /wxcomponents/open-area-left-side/open-area-left-side.html
[2025-02-18T05:26:08.229Z] INFO: 进度: 181/185 - 已保存: /wxcomponents/open-area-left/open-area-left.html
[2025-02-18T05:26:08.230Z] INFO: 进度: 182/185 - 已保存: /wxcomponents/open-area-right/open-area-right.html
[2025-02-18T05:26:08.231Z] INFO: 进度: 183/185 - 已保存: /wxcomponents/video/index.html
[2025-02-18T05:26:08.853Z] INFO: 进度: 184/185 - 已保存: /app-wxss.js
[2025-02-18T05:26:08.855Z] INFO: 进度: 185/185 - 已保存: /page-frame.js
[2025-02-18T05:26:08.855Z] INFO: 文件保存完成: 成功处理 185/185 个文件
[2025-02-18T05:26:09.378Z] INFO: 开始保存文件...
[2025-02-18T05:26:09.380Z] INFO: 进度: 1/185 - 已保存: /app-config.json
[2025-02-18T05:26:09.381Z] INFO: 进度: 2/185 - 已保存: /__plugin__/wx94a6522b1d640c3b/_assets/arrow-right-white.873d5d63.svg
[2025-02-18T05:26:09.382Z] INFO: 进度: 3/185 - 已保存: /__plugin__/wx94a6522b1d640c3b/_assets/arrow-right.db4835a7.svg
[2025-02-18T05:26:09.382Z] INFO: 进度: 4/185 - 已保存: /__plugin__/wx94a6522b1d640c3b/_assets/arrow.fda419fe.svg
[2025-02-18T05:26:09.383Z] INFO: 进度: 5/185 - 已保存: /__plugin__/wx94a6522b1d640c3b/_assets/channels-live.89f498a7.svg
[2025-02-18T05:26:09.383Z] INFO: 进度: 6/185 - 已保存: /__plugin__/wx94a6522b1d640c3b/_assets/close.2aa1c5ce.svg
[2025-02-18T05:26:09.384Z] INFO: 进度: 7/185 - 已保存: /__plugin__/wx94a6522b1d640c3b/_assets/collected.cbc3deb3.svg
[2025-02-18T05:26:09.384Z] INFO: 进度: 8/185 - 已保存: /__plugin__/wx94a6522b1d640c3b/_assets/customer.a370bcbf.svg
[2025-02-18T05:26:09.385Z] INFO: 进度: 9/185 - 已保存: /__plugin__/wx94a6522b1d640c3b/_assets/follow.2d5ee263.svg
[2025-02-18T05:26:09.386Z] INFO: 进度: 10/185 - 已保存: /__plugin__/wx94a6522b1d640c3b/_assets/gift_on.0787172e.png
[2025-02-18T05:26:09.386Z] INFO: 进度: 11/185 - 已保存: /__plugin__/wx94a6522b1d640c3b/_assets/loading.6f998a85.svg
[2025-02-18T05:26:09.389Z] INFO: 进度: 12/185 - 已保存: /__plugin__/wx94a6522b1d640c3b/_assets/loading.8a405a72.png
[2025-02-18T05:26:09.389Z] INFO: 进度: 13/185 - 已保存: /__plugin__/wx94a6522b1d640c3b/_assets/lock.2cc4a644.svg
[2025-02-18T05:26:09.390Z] INFO: 进度: 14/185 - 已保存: /__plugin__/wx94a6522b1d640c3b/_assets/people-avatar-placeholder.63ea0352.svg
[2025-02-18T05:26:09.393Z] INFO: 进度: 15/185 - 已保存: /__plugin__/wx94a6522b1d640c3b/_assets/play_filled.56d61239.svg
[2025-02-18T05:26:09.394Z] INFO: 进度: 16/185 - 已保存: /__plugin__/wx94a6522b1d640c3b/_assets/playbackRate.f8d5da42.svg
[2025-02-18T05:26:09.394Z] INFO: 进度: 17/185 - 已保存: /__plugin__/wx94a6522b1d640c3b/_assets/refresh.4aff8a64.svg
[2025-02-18T05:26:09.396Z] INFO: 进度: 18/185 - 已保存: /__plugin__/wx94a6522b1d640c3b/_assets/retry.0068d87c.svg
[2025-02-18T05:26:09.397Z] INFO: 进度: 19/185 - 已保存: /__plugin__/wx94a6522b1d640c3b/_assets/star_filled.6e6c7dfe.svg
[2025-02-18T05:26:09.397Z] INFO: 进度: 20/185 - 已保存: /__plugin__/wx94a6522b1d640c3b/_assets/star_medium.62007c27.svg
[2025-02-18T05:26:09.398Z] INFO: 进度: 21/185 - 已保存: /__plugin__/wx94a6522b1d640c3b/_assets/弹幕.4f427a5e.svg
[2025-02-18T05:26:09.421Z] INFO: 进度: 22/185 - 已保存: /__plugin__/wx94a6522b1d640c3b/libpag.wasm.br
[2025-02-18T05:26:09.422Z] INFO: 进度: 23/185 - 已保存: /__plugin__/wx94a6522b1d640c3b/plugin.json
[2025-02-18T05:26:09.441Z] INFO: 进度: 24/185 - 已保存: /__plugin__/wx94a6522b1d640c3b/components/actionsheet/actionsheet.html
[2025-02-18T05:26:09.447Z] INFO: 进度: 25/185 - 已保存: /__plugin__/wx94a6522b1d640c3b/components/actor-dialog-inner/actor-dialog-inner.html
[2025-02-18T05:26:09.451Z] INFO: 进度: 26/185 - 已保存: /__plugin__/wx94a6522b1d640c3b/components/actor-dialog/actor-dialog.html
[2025-02-18T05:26:09.454Z] INFO: 进度: 27/185 - 已保存: /__plugin__/wx94a6522b1d640c3b/components/ad-dialog/ad-dialog.html
[2025-02-18T05:26:09.456Z] INFO: 进度: 28/185 - 已保存: /__plugin__/wx94a6522b1d640c3b/components/barrage/content/content.html
[2025-02-18T05:26:09.458Z] INFO: 进度: 29/185 - 已保存: /__plugin__/wx94a6522b1d640c3b/components/barrage/list/list.html
[2025-02-18T05:26:09.463Z] INFO: 进度: 30/185 - 已保存: /__plugin__/wx94a6522b1d640c3b/components/barrage/roll/roll.html
[2025-02-18T05:26:09.465Z] INFO: 进度: 31/185 - 已保存: /__plugin__/wx94a6522b1d640c3b/components/barrage/setting/setting.html
[2025-02-18T05:26:09.471Z] INFO: 进度: 32/185 - 已保存: /__plugin__/wx94a6522b1d640c3b/components/drama-feed-list/list/list.html
[2025-02-18T05:26:09.479Z] INFO: 进度: 33/185 - 已保存: /__plugin__/wx94a6522b1d640c3b/components/drama-feed-list/person-operation/person-operation.html
[2025-02-18T05:26:09.481Z] INFO: 进度: 34/185 - 已保存: /__plugin__/wx94a6522b1d640c3b/components/drama-feed-list/player/player.html
[2025-02-18T05:26:09.482Z] INFO: 进度: 35/185 - 已保存: /__plugin__/wx94a6522b1d640c3b/components/drama-feed-list/progress-timeline/progress-timeline.html
[2025-02-18T05:26:09.486Z] INFO: 进度: 36/185 - 已保存: /__plugin__/wx94a6522b1d640c3b/components/drama-feed-list/sliderBar/sliderBar.html
[2025-02-18T05:26:09.488Z] INFO: 进度: 37/185 - 已保存: /__plugin__/wx94a6522b1d640c3b/components/emoji/index.html
[2025-02-18T05:26:09.491Z] INFO: 进度: 38/185 - 已保存: /__plugin__/wx94a6522b1d640c3b/components/fav-list/fav-list.html
[2025-02-18T05:26:09.494Z] INFO: 进度: 39/185 - 已保存: /__plugin__/wx94a6522b1d640c3b/components/group-purchase-capsule/group-purchase-capsule.html
[2025-02-18T05:26:09.495Z] INFO: 进度: 40/185 - 已保存: /__plugin__/wx94a6522b1d640c3b/components/group-purchase-dialog/group-purchase-dialog.html
[2025-02-18T05:26:09.497Z] INFO: 进度: 41/185 - 已保存: /__plugin__/wx94a6522b1d640c3b/components/group-purchase-entry/group-purchase-entry.html
[2025-02-18T05:26:09.499Z] INFO: 进度: 42/185 - 已保存: /__plugin__/wx94a6522b1d640c3b/components/half-screen-dialog/half-screen-dialog.html
[2025-02-18T05:26:09.500Z] INFO: 进度: 43/185 - 已保存: /__plugin__/wx94a6522b1d640c3b/components/like-animate/like-animate.html
[2025-02-18T05:26:09.502Z] INFO: 进度: 44/185 - 已保存: /__plugin__/wx94a6522b1d640c3b/components/person-operation/person-operation.html
[2025-02-18T05:26:09.503Z] INFO: 进度: 45/185 - 已保存: /__plugin__/wx94a6522b1d640c3b/components/player-cover/player-cover.html
[2025-02-18T05:26:09.505Z] INFO: 进度: 46/185 - 已保存: /__plugin__/wx94a6522b1d640c3b/components/player/player.html
[2025-02-18T05:26:09.507Z] INFO: 进度: 47/185 - 已保存: /__plugin__/wx94a6522b1d640c3b/components/recent-list/recent-list.html
[2025-02-18T05:26:09.508Z] INFO: 进度: 48/185 - 已保存: /__plugin__/wx94a6522b1d640c3b/components/select-drama-dialog/select-drama-dialog.html
[2025-02-18T05:26:09.510Z] INFO: 进度: 49/185 - 已保存: /__plugin__/wx94a6522b1d640c3b/components/share/share.html
[2025-02-18T05:26:09.512Z] INFO: 进度: 50/185 - 已保存: /__plugin__/wx94a6522b1d640c3b/components/sliderBar/sliderBar.html
[2025-02-18T05:26:09.514Z] INFO: 进度: 51/185 - 已保存: /__plugin__/wx94a6522b1d640c3b/components/slideview/slideview.html
[2025-02-18T05:26:09.515Z] INFO: 进度: 52/185 - 已保存: /__plugin__/wx94a6522b1d640c3b/components/switch/switch.html
[2025-02-18T05:26:09.517Z] INFO: 进度: 53/185 - 已保存: /__plugin__/wx94a6522b1d640c3b/components/toast/toast.html
[2025-02-18T05:26:09.518Z] INFO: 进度: 54/185 - 已保存: /__plugin__/wx94a6522b1d640c3b/components/top/top.html
[2025-02-18T05:26:09.519Z] INFO: 进度: 55/185 - 已保存: /__plugin__/wx94a6522b1d640c3b/components/write-barrage/write-barrage.html
[2025-02-18T05:26:09.520Z] INFO: 进度: 56/185 - 已保存: /__plugin__/wx94a6522b1d640c3b/pages/playlet/playlet.html
[2025-02-18T05:26:09.522Z] INFO: 进度: 57/185 - 已保存: /__plugin__/wx94a6522b1d640c3b/pages/skit-detail/skit-detail.html
[2025-02-18T05:26:09.522Z] INFO: 进度: 58/185 - 已保存: /static/batter.png
[2025-02-18T05:26:09.523Z] INFO: 进度: 59/185 - 已保存: /static/batter_dis.png
[2025-02-18T05:26:09.525Z] INFO: 进度: 60/185 - 已保存: /static/dyIMbg.png
[2025-02-18T05:26:09.526Z] INFO: 进度: 61/185 - 已保存: /static/dyim_add.png
[2025-02-18T05:26:09.526Z] INFO: 进度: 62/185 - 已保存: /static/dyim_lxjc.png
[2025-02-18T05:26:09.527Z] INFO: 进度: 63/185 - 已保存: /static/giveBean.png
[2025-02-18T05:26:09.527Z] INFO: 进度: 64/185 - 已保存: /static/gzh.png
[2025-02-18T05:26:09.528Z] INFO: 进度: 65/185 - 已保存: /static/huiyuan.png
[2025-02-18T05:26:09.528Z] INFO: 进度: 66/185 - 已保存: /static/huiyuan_d.png
[2025-02-18T05:26:09.528Z] INFO: 进度: 67/185 - 已保存: /static/icon-fire.png
[2025-02-18T05:26:09.529Z] INFO: 进度: 68/185 - 已保存: /static/jindou.png
[2025-02-18T05:26:09.530Z] INFO: 进度: 69/185 - 已保存: /static/left.png
[2025-02-18T05:26:09.531Z] INFO: 进度: 70/185 - 已保存: /static/liaotian-2.png
[2025-02-18T05:26:09.531Z] INFO: 进度: 71/185 - 已保存: /static/liaotian.png
[2025-02-18T05:26:09.531Z] INFO: 进度: 72/185 - 已保存: /static/lock.png
[2025-02-18T05:26:09.532Z] INFO: 进度: 73/185 - 已保存: /static/my/closeIcon.png
[2025-02-18T05:26:09.532Z] INFO: 进度: 74/185 - 已保存: /static/my/icon-close.png
[2025-02-18T05:26:09.533Z] INFO: 进度: 75/185 - 已保存: /static/my/openAreaLeft-bg.png
[2025-02-18T05:26:09.534Z] INFO: 进度: 76/185 - 已保存: /static/my/openAreaLeft-btn.png
[2025-02-18T05:26:09.534Z] INFO: 进度: 77/185 - 已保存: /static/normal.png
[2025-02-18T05:26:09.535Z] INFO: 进度: 78/185 - 已保存: /static/normal_red.png
[2025-02-18T05:26:09.535Z] INFO: 进度: 79/185 - 已保存: /static/playkkk.png
[2025-02-18T05:26:09.535Z] INFO: 进度: 80/185 - 已保存: /static/sign/beans-1-finished.png
[2025-02-18T05:26:09.535Z] INFO: 进度: 81/185 - 已保存: /static/sign/beans-1.png
[2025-02-18T05:26:09.536Z] INFO: 进度: 82/185 - 已保存: /static/sign/beans-2-finished.png
[2025-02-18T05:26:09.536Z] INFO: 进度: 83/185 - 已保存: /static/sign/beans-2.png
[2025-02-18T05:26:09.537Z] INFO: 进度: 84/185 - 已保存: /static/sign/sign-btn-bg.png
[2025-02-18T05:26:09.537Z] INFO: 进度: 85/185 - 已保存: /static/tabbar/index.png
[2025-02-18T05:26:09.537Z] INFO: 进度: 86/185 - 已保存: /static/tabbar/index_active.png
[2025-02-18T05:26:09.538Z] INFO: 进度: 87/185 - 已保存: /static/tabbar/my.png
[2025-02-18T05:26:09.538Z] INFO: 进度: 88/185 - 已保存: /static/tabbar/my_active.png
[2025-02-18T05:26:09.539Z] INFO: 进度: 89/185 - 已保存: /static/tabbar/tj.png
[2025-02-18T05:26:09.539Z] INFO: 进度: 90/185 - 已保存: /static/tabbar/tj_active.png
[2025-02-18T05:26:09.540Z] INFO: 进度: 91/185 - 已保存: /static/tabbar/watching.png
[2025-02-18T05:26:09.540Z] INFO: 进度: 92/185 - 已保存: /static/tabbar/watching_active.png
[2025-02-18T05:26:09.540Z] INFO: 进度: 93/185 - 已保存: /static/tehui.png
[2025-02-18T05:26:09.541Z] INFO: 进度: 94/185 - 已保存: /static/tehuis.png
[2025-02-18T05:26:09.541Z] INFO: 进度: 95/185 - 已保存: /static/user.png
[2025-02-18T05:26:09.542Z] INFO: 进度: 96/185 - 已保存: /static/vip.png
[2025-02-18T05:26:09.542Z] INFO: 进度: 97/185 - 已保存: /static/wx.png
[2025-02-18T05:26:09.543Z] INFO: 进度: 98/185 - 已保存: /static/xin-2.png
[2025-02-18T05:26:09.543Z] INFO: 进度: 99/185 - 已保存: /static/xin.png
[2025-02-18T05:26:09.544Z] INFO: 进度: 100/185 - 已保存: /static/xj.png
[2025-02-18T05:26:09.544Z] INFO: 进度: 101/185 - 已保存: /components/commonComponents/aui-poster/aui-poster.json
[2025-02-18T05:26:09.545Z] INFO: 进度: 102/185 - 已保存: /components/commonComponents/fenxiao-sign/sigin-in.json
[2025-02-18T05:26:09.545Z] INFO: 进度: 103/185 - 已保存: /components/commonComponents/navbar/navbar.json
[2025-02-18T05:26:09.546Z] INFO: 进度: 104/185 - 已保存: /components/commonComponents/newslist/newslist.json
[2025-02-18T05:26:09.547Z] INFO: 进度: 105/185 - 已保存: /components/commonComponents/openAreaLeft/index.json
[2025-02-18T05:26:09.547Z] INFO: 进度: 106/185 - 已保存: /components/commonComponents/rechargelist/recharge.json
[2025-02-18T05:26:09.548Z] INFO: 进度: 107/185 - 已保存: /components/commonComponents/rechargelist/rechargebywx.json
[2025-02-18T05:26:09.549Z] INFO: 进度: 108/185 - 已保存: /components/commonComponents/rechargelist/rechargelist.json
[2025-02-18T05:26:09.550Z] INFO: 进度: 109/185 - 已保存: /components/commonComponents/tips/tips.json
[2025-02-18T05:26:09.550Z] INFO: 进度: 110/185 - 已保存: /components/commonComponents/videolist/videolist.json
[2025-02-18T05:26:09.551Z] INFO: 进度: 111/185 - 已保存: /components/commonComponents/wxlogin/advise-tv.json
[2025-02-18T05:26:09.551Z] INFO: 进度: 112/185 - 已保存: /components/commonComponents/yk-screenRecord/yk-screenRecord.json
[2025-02-18T05:26:09.552Z] INFO: 进度: 113/185 - 已保存: /project.private.config.json
[2025-02-18T05:26:09.553Z] INFO: 进度: 114/185 - 已保存: /uni_modules/uview-ui/components/u-alert/u-alert.json
[2025-02-18T05:26:09.553Z] INFO: 进度: 115/185 - 已保存: /uni_modules/uview-ui/components/u-badge/u-badge.json
[2025-02-18T05:26:09.554Z] INFO: 进度: 116/185 - 已保存: /uni_modules/uview-ui/components/u-button/u-button.json
[2025-02-18T05:26:09.554Z] INFO: 进度: 117/185 - 已保存: /uni_modules/uview-ui/components/u-empty/u-empty.json
[2025-02-18T05:26:09.555Z] INFO: 进度: 118/185 - 已保存: /uni_modules/uview-ui/components/u-gap/u-gap.json
[2025-02-18T05:26:09.555Z] INFO: 进度: 119/185 - 已保存: /uni_modules/uview-ui/components/u-icon/u-icon.json
[2025-02-18T05:26:09.556Z] INFO: 进度: 120/185 - 已保存: /uni_modules/uview-ui/components/u-line/u-line.json
[2025-02-18T05:26:09.556Z] INFO: 进度: 121/185 - 已保存: /uni_modules/uview-ui/components/u-loading-icon/u-loading-icon.json
[2025-02-18T05:26:09.559Z] INFO: 进度: 122/185 - 已保存: /uni_modules/uview-ui/components/u-loadmore/u-loadmore.json
[2025-02-18T05:26:09.560Z] INFO: 进度: 123/185 - 已保存: /uni_modules/uview-ui/components/u-overlay/u-overlay.json
[2025-02-18T05:26:09.561Z] INFO: 进度: 124/185 - 已保存: /uni_modules/uview-ui/components/u-popup/u-popup.json
[2025-02-18T05:26:09.562Z] INFO: 进度: 125/185 - 已保存: /uni_modules/uview-ui/components/u-safe-bottom/u-safe-bottom.json
[2025-02-18T05:26:09.563Z] INFO: 进度: 126/185 - 已保存: /uni_modules/uview-ui/components/u-search/u-search.json
[2025-02-18T05:26:09.564Z] INFO: 进度: 127/185 - 已保存: /uni_modules/uview-ui/components/u-status-bar/u-status-bar.json
[2025-02-18T05:26:09.564Z] INFO: 进度: 128/185 - 已保存: /uni_modules/uview-ui/components/u-sticky/u-sticky.json
[2025-02-18T05:26:09.565Z] INFO: 进度: 129/185 - 已保存: /uni_modules/uview-ui/components/u-swiper-indicator/u-swiper-indicator.json
[2025-02-18T05:26:09.566Z] INFO: 进度: 130/185 - 已保存: /uni_modules/uview-ui/components/u-swiper/u-swiper.json
[2025-02-18T05:26:09.566Z] INFO: 进度: 131/185 - 已保存: /uni_modules/uview-ui/components/u-tabs/u-tabs.json
[2025-02-18T05:26:09.566Z] INFO: 进度: 132/185 - 已保存: /uni_modules/uview-ui/components/u-transition/u-transition.json
[2025-02-18T05:26:09.567Z] INFO: 进度: 133/185 - 已保存: /uni_modules/vk-uni-pay/components/vk-uni-pay/vk-uni-pay.json
[2025-02-18T05:26:09.567Z] INFO: 进度: 134/185 - 已保存: /wxcomponents/charge-dialog/charge-dialog.json
[2025-02-18T05:26:09.568Z] INFO: 进度: 135/185 - 已保存: /wxcomponents/open-area-left-side/open-area-left-side.json
[2025-02-18T05:26:09.569Z] INFO: 进度: 136/185 - 已保存: /wxcomponents/open-area-left/open-area-left.json
[2025-02-18T05:26:09.569Z] INFO: 进度: 137/185 - 已保存: /wxcomponents/open-area-right/open-area-right.json
[2025-02-18T05:26:09.570Z] INFO: 进度: 138/185 - 已保存: /wxcomponents/video/index.json
[2025-02-18T05:26:10.880Z] INFO: 进度: 139/185 - 已保存: /app-service.js
[2025-02-18T05:26:10.884Z] INFO: 进度: 140/185 - 已保存: /components/commonComponents/aui-poster/aui-poster.html
[2025-02-18T05:26:10.886Z] INFO: 进度: 141/185 - 已保存: /components/commonComponents/fenxiao-sign/sigin-in.html
[2025-02-18T05:26:10.887Z] INFO: 进度: 142/185 - 已保存: /components/commonComponents/navbar/navbar.html
[2025-02-18T05:26:10.888Z] INFO: 进度: 143/185 - 已保存: /components/commonComponents/newslist/newslist.html
[2025-02-18T05:26:10.890Z] INFO: 进度: 144/185 - 已保存: /components/commonComponents/openAreaLeft/index.html
[2025-02-18T05:26:10.892Z] INFO: 进度: 145/185 - 已保存: /components/commonComponents/rechargelist/recharge.html
[2025-02-18T05:26:10.894Z] INFO: 进度: 146/185 - 已保存: /components/commonComponents/rechargelist/rechargebywx.html
[2025-02-18T05:26:10.895Z] INFO: 进度: 147/185 - 已保存: /components/commonComponents/rechargelist/rechargelist.html
[2025-02-18T05:26:10.897Z] INFO: 进度: 148/185 - 已保存: /components/commonComponents/tips/tips.html
[2025-02-18T05:26:10.898Z] INFO: 进度: 149/185 - 已保存: /components/commonComponents/videolist/videolist.html
[2025-02-18T05:26:10.900Z] INFO: 进度: 150/185 - 已保存: /components/commonComponents/wxlogin/advise-tv.html
[2025-02-18T05:26:10.901Z] INFO: 进度: 151/185 - 已保存: /components/commonComponents/yk-screenRecord/yk-screenRecord.html
[2025-02-18T05:26:10.903Z] INFO: 进度: 152/185 - 已保存: /pages/Tabbar/my/my.html
[2025-02-18T05:26:10.904Z] INFO: 进度: 153/185 - 已保存: /pages/Tabbar/tj/tj.html
[2025-02-18T05:26:10.905Z] INFO: 进度: 154/185 - 已保存: /pages/Tabbar/watching/watching.html
[2025-02-18T05:26:10.907Z] INFO: 进度: 155/185 - 已保存: /pages/index/gzgzh.html
[2025-02-18T05:26:10.909Z] INFO: 进度: 156/185 - 已保存: /pages/index/index.html
[2025-02-18T05:26:10.910Z] INFO: 进度: 157/185 - 已保存: /pages/index/search.html
[2025-02-18T05:26:10.912Z] INFO: 进度: 158/185 - 已保存: /pages/player/player.html
[2025-02-18T05:26:10.913Z] INFO: 进度: 159/185 - 已保存: /uni_modules/uview-ui/components/u-alert/u-alert.html
[2025-02-18T05:26:10.914Z] INFO: 进度: 160/185 - 已保存: /uni_modules/uview-ui/components/u-badge/u-badge.html
[2025-02-18T05:26:10.916Z] INFO: 进度: 161/185 - 已保存: /uni_modules/uview-ui/components/u-button/u-button.html
[2025-02-18T05:26:10.917Z] INFO: 进度: 162/185 - 已保存: /uni_modules/uview-ui/components/u-empty/u-empty.html
[2025-02-18T05:26:10.918Z] INFO: 进度: 163/185 - 已保存: /uni_modules/uview-ui/components/u-gap/u-gap.html
[2025-02-18T05:26:10.919Z] INFO: 进度: 164/185 - 已保存: /uni_modules/uview-ui/components/u-icon/u-icon.html
[2025-02-18T05:26:10.920Z] INFO: 进度: 165/185 - 已保存: /uni_modules/uview-ui/components/u-line/u-line.html
[2025-02-18T05:26:10.922Z] INFO: 进度: 166/185 - 已保存: /uni_modules/uview-ui/components/u-loading-icon/u-loading-icon.html
[2025-02-18T05:26:10.924Z] INFO: 进度: 167/185 - 已保存: /uni_modules/uview-ui/components/u-loadmore/u-loadmore.html
[2025-02-18T05:26:10.926Z] INFO: 进度: 168/185 - 已保存: /uni_modules/uview-ui/components/u-overlay/u-overlay.html
[2025-02-18T05:26:10.928Z] INFO: 进度: 169/185 - 已保存: /uni_modules/uview-ui/components/u-popup/u-popup.html
[2025-02-18T05:26:10.929Z] INFO: 进度: 170/185 - 已保存: /uni_modules/uview-ui/components/u-safe-bottom/u-safe-bottom.html
[2025-02-18T05:26:10.930Z] INFO: 进度: 171/185 - 已保存: /uni_modules/uview-ui/components/u-search/u-search.html
[2025-02-18T05:26:10.932Z] INFO: 进度: 172/185 - 已保存: /uni_modules/uview-ui/components/u-status-bar/u-status-bar.html
[2025-02-18T05:26:10.933Z] INFO: 进度: 173/185 - 已保存: /uni_modules/uview-ui/components/u-sticky/u-sticky.html
[2025-02-18T05:26:10.934Z] INFO: 进度: 174/185 - 已保存: /uni_modules/uview-ui/components/u-swiper-indicator/u-swiper-indicator.html
[2025-02-18T05:26:10.935Z] INFO: 进度: 175/185 - 已保存: /uni_modules/uview-ui/components/u-swiper/u-swiper.html
[2025-02-18T05:26:10.937Z] INFO: 进度: 176/185 - 已保存: /uni_modules/uview-ui/components/u-tabs/u-tabs.html
[2025-02-18T05:26:10.938Z] INFO: 进度: 177/185 - 已保存: /uni_modules/uview-ui/components/u-transition/u-transition.html
[2025-02-18T05:26:10.940Z] INFO: 进度: 178/185 - 已保存: /uni_modules/vk-uni-pay/components/vk-uni-pay/vk-uni-pay.html
[2025-02-18T05:26:10.942Z] INFO: 进度: 179/185 - 已保存: /wxcomponents/charge-dialog/charge-dialog.html
[2025-02-18T05:26:10.944Z] INFO: 进度: 180/185 - 已保存: /wxcomponents/open-area-left-side/open-area-left-side.html
[2025-02-18T05:26:10.945Z] INFO: 进度: 181/185 - 已保存: /wxcomponents/open-area-left/open-area-left.html
[2025-02-18T05:26:10.946Z] INFO: 进度: 182/185 - 已保存: /wxcomponents/open-area-right/open-area-right.html
[2025-02-18T05:26:10.947Z] INFO: 进度: 183/185 - 已保存: /wxcomponents/video/index.html
[2025-02-18T05:26:11.673Z] INFO: 进度: 184/185 - 已保存: /app-wxss.js
[2025-02-18T05:26:11.675Z] INFO: 进度: 185/185 - 已保存: /page-frame.js
[2025-02-18T05:26:11.676Z] INFO: 文件保存完成: 成功处理 185/185 个文件
